<?xml version="1.0" encoding="UTF-8"?>
<!-- Generated by org.testng.reporters.JUnitReportReporter -->
<testsuite hostname="DESKTOP-G25F7V2" failures="0" tests="1" name="testCases.Tc001_accountpage" time="2.556" errors="0" timestamp="2024-03-03T17:11:05 IST" skipped="0">
  <testcase classname="testCases.Tc001_accountpage" name="test" time="2.556"/>
  <system-out/>
</testsuite> <!-- testCases.Tc001_accountpage -->
