<?xml version="1.0" encoding="UTF-8"?>
<!-- Generated by org.testng.reporters.JUnitReportReporter -->
<testsuite hostname="DESKTOP-G25F7V2" failures="0" tests="5" name="testCases.TC_003_LoginDDT" time="43.305" errors="0" timestamp="2024-03-03T21:40:48 IST" skipped="0">
  <testcase classname="testCases.TC_003_LoginDDT" name="verify_loginDDT" time="3.094"/>
  <system-out/>
  <testcase classname="testCases.TC_003_LoginDDT" name="verify_loginDDT" time="12.527"/>
  <system-out/>
  <testcase classname="testCases.TC_003_LoginDDT" name="verify_loginDDT" time="11.357"/>
  <system-out/>
  <testcase classname="testCases.TC_003_LoginDDT" name="verify_loginDDT" time="11.750"/>
  <system-out/>
  <testcase classname="testCases.TC_003_LoginDDT" name="verify_loginDDT" time="4.577"/>
  <system-out/>
</testsuite> <!-- testCases.TC_003_LoginDDT -->
