<?xml version="1.0" encoding="UTF-8"?>
<!-- Generated by org.testng.reporters.JUnitReportReporter -->
<testsuite hostname="DESKTOP-G25F7V2" failures="0" tests="1" name="testCases.Logintestcase" time="2.885" errors="0" timestamp="2024-07-16T22:22:07 IST" skipped="0">
  <testcase classname="testCases.Logintestcase" name="verifylogin" time="2.885"/>
  <system-out/>
</testsuite> <!-- testCases.Logintestcase -->
