<?xml version="1.0" encoding="UTF-8"?>
<!-- Generated by org.testng.reporters.JUnitReportReporter -->
<testsuite hostname="DESKTOP-G25F7V2" failures="0" tests="1" name="testCases.Logintestcase" time="3.084" errors="0" timestamp="2024-07-19T20:30:24 IST" skipped="0">
  <testcase classname="testCases.Logintestcase" name="verifylogin" time="3.084"/>
  <system-out/>
</testsuite> <!-- testCases.Logintestcase -->
